<?xml version="1.0" encoding="UTF-8"?>
<testsuite xmlns:xsi="http://www.w3.org/2001/XMLSchema-instance" xsi:noNamespaceSchemaLocation="https://maven.apache.org/surefire/maven-surefire-plugin/xsd/surefire-test-report.xsd" name="com.org.qrgenerator.AppTest" time="0.035" tests="1" errors="0" skipped="0" failures="0">
  <properties>
    <property name="sun.desktop" value="windows"/>
    <property name="awt.toolkit" value="sun.awt.windows.WToolkit"/>
    <property name="java.specification.version" value="11"/>
    <property name="sun.cpu.isalist" value="amd64"/>
    <property name="sun.jnu.encoding" value="Cp1252"/>
    <property name="java.class.path" value="C:\Users\Anudeep Kumar\github_code\qrcode_generator\qrcodegenerator\target\test-classes;C:\Users\Anudeep Kumar\github_code\qrcode_generator\qrcodegenerator\target\classes;C:\Users\Anudeep Kumar\.m2\repository\junit\junit\4.12\junit-4.12.jar;C:\Users\Anudeep Kumar\.m2\repository\org\hamcrest\hamcrest-core\1.3\hamcrest-core-1.3.jar;C:\Users\Anudeep Kumar\.m2\repository\org\springframework\boot\spring-boot-devtools\2.1.12.RELEASE\spring-boot-devtools-2.1.12.RELEASE.jar;C:\Users\Anudeep Kumar\.m2\repository\org\springframework\boot\spring-boot\2.1.12.RELEASE\spring-boot-2.1.12.RELEASE.jar;C:\Users\Anudeep Kumar\.m2\repository\org\springframework\boot\spring-boot-autoconfigure\2.1.12.RELEASE\spring-boot-autoconfigure-2.1.12.RELEASE.jar;C:\Users\Anudeep Kumar\.m2\repository\org\springframework\boot\spring-boot-starter-web\2.1.12.RELEASE\spring-boot-starter-web-2.1.12.RELEASE.jar;C:\Users\Anudeep Kumar\.m2\repository\org\springframework\boot\spring-boot-starter\2.1.12.RELEASE\spring-boot-starter-2.1.12.RELEASE.jar;C:\Users\Anudeep Kumar\.m2\repository\org\springframework\boot\spring-boot-starter-logging\2.1.12.RELEASE\spring-boot-starter-logging-2.1.12.RELEASE.jar;C:\Users\Anudeep Kumar\.m2\repository\ch\qos\logback\logback-classic\1.2.3\logback-classic-1.2.3.jar;C:\Users\Anudeep Kumar\.m2\repository\ch\qos\logback\logback-core\1.2.3\logback-core-1.2.3.jar;C:\Users\Anudeep Kumar\.m2\repository\org\slf4j\slf4j-api\1.7.30\slf4j-api-1.7.30.jar;C:\Users\Anudeep Kumar\.m2\repository\org\apache\logging\log4j\log4j-to-slf4j\2.11.2\log4j-to-slf4j-2.11.2.jar;C:\Users\Anudeep Kumar\.m2\repository\org\apache\logging\log4j\log4j-api\2.11.2\log4j-api-2.11.2.jar;C:\Users\Anudeep Kumar\.m2\repository\org\slf4j\jul-to-slf4j\1.7.30\jul-to-slf4j-1.7.30.jar;C:\Users\Anudeep Kumar\.m2\repository\javax\annotation\javax.annotation-api\1.3.2\javax.annotation-api-1.3.2.jar;C:\Users\Anudeep Kumar\.m2\repository\org\yaml\snakeyaml\1.23\snakeyaml-1.23.jar;C:\Users\Anudeep Kumar\.m2\repository\org\springframework\boot\spring-boot-starter-json\2.1.12.RELEASE\spring-boot-starter-json-2.1.12.RELEASE.jar;C:\Users\Anudeep Kumar\.m2\repository\com\fasterxml\jackson\datatype\jackson-datatype-jdk8\2.9.10\jackson-datatype-jdk8-2.9.10.jar;C:\Users\Anudeep Kumar\.m2\repository\com\fasterxml\jackson\datatype\jackson-datatype-jsr310\2.9.10\jackson-datatype-jsr310-2.9.10.jar;C:\Users\Anudeep Kumar\.m2\repository\com\fasterxml\jackson\module\jackson-module-parameter-names\2.9.10\jackson-module-parameter-names-2.9.10.jar;C:\Users\Anudeep Kumar\.m2\repository\org\springframework\boot\spring-boot-starter-tomcat\2.1.12.RELEASE\spring-boot-starter-tomcat-2.1.12.RELEASE.jar;C:\Users\Anudeep Kumar\.m2\repository\org\apache\tomcat\embed\tomcat-embed-core\9.0.30\tomcat-embed-core-9.0.30.jar;C:\Users\Anudeep Kumar\.m2\repository\org\apache\tomcat\embed\tomcat-embed-el\9.0.30\tomcat-embed-el-9.0.30.jar;C:\Users\Anudeep Kumar\.m2\repository\org\apache\tomcat\embed\tomcat-embed-websocket\9.0.30\tomcat-embed-websocket-9.0.30.jar;C:\Users\Anudeep Kumar\.m2\repository\org\hibernate\validator\hibernate-validator\6.0.18.Final\hibernate-validator-6.0.18.Final.jar;C:\Users\Anudeep Kumar\.m2\repository\javax\validation\validation-api\2.0.1.Final\validation-api-2.0.1.Final.jar;C:\Users\Anudeep Kumar\.m2\repository\org\jboss\logging\jboss-logging\3.3.3.Final\jboss-logging-3.3.3.Final.jar;C:\Users\Anudeep Kumar\.m2\repository\com\fasterxml\classmate\1.4.0\classmate-1.4.0.jar;C:\Users\Anudeep Kumar\.m2\repository\org\springframework\spring-web\5.1.13.RELEASE\spring-web-5.1.13.RELEASE.jar;C:\Users\Anudeep Kumar\.m2\repository\org\springframework\spring-webmvc\5.1.13.RELEASE\spring-webmvc-5.1.13.RELEASE.jar;C:\Users\Anudeep Kumar\.m2\repository\org\springframework\security\spring-security-core\5.1.7.RELEASE\spring-security-core-5.1.7.RELEASE.jar;C:\Users\Anudeep Kumar\.m2\repository\org\springframework\spring-aop\5.1.13.RELEASE\spring-aop-5.1.13.RELEASE.jar;C:\Users\Anudeep Kumar\.m2\repository\org\springframework\spring-beans\5.1.13.RELEASE\spring-beans-5.1.13.RELEASE.jar;C:\Users\Anudeep Kumar\.m2\repository\org\springframework\spring-context\5.1.13.RELEASE\spring-context-5.1.13.RELEASE.jar;C:\Users\Anudeep Kumar\.m2\repository\org\springframework\spring-core\5.1.13.RELEASE\spring-core-5.1.13.RELEASE.jar;C:\Users\Anudeep Kumar\.m2\repository\org\springframework\spring-jcl\5.1.13.RELEASE\spring-jcl-5.1.13.RELEASE.jar;C:\Users\Anudeep Kumar\.m2\repository\org\springframework\spring-expression\5.1.13.RELEASE\spring-expression-5.1.13.RELEASE.jar;C:\Users\Anudeep Kumar\.m2\repository\org\springframework\boot\spring-boot-starter-actuator\2.1.12.RELEASE\spring-boot-starter-actuator-2.1.12.RELEASE.jar;C:\Users\Anudeep Kumar\.m2\repository\org\springframework\boot\spring-boot-actuator-autoconfigure\2.1.12.RELEASE\spring-boot-actuator-autoconfigure-2.1.12.RELEASE.jar;C:\Users\Anudeep Kumar\.m2\repository\org\springframework\boot\spring-boot-actuator\2.1.12.RELEASE\spring-boot-actuator-2.1.12.RELEASE.jar;C:\Users\Anudeep Kumar\.m2\repository\io\micrometer\micrometer-core\1.1.9\micrometer-core-1.1.9.jar;C:\Users\Anudeep Kumar\.m2\repository\org\hdrhistogram\HdrHistogram\2.1.9\HdrHistogram-2.1.9.jar;C:\Users\Anudeep Kumar\.m2\repository\org\latencyutils\LatencyUtils\2.0.3\LatencyUtils-2.0.3.jar;C:\Users\Anudeep Kumar\.m2\repository\io\micrometer\micrometer-registry-prometheus\1.1.9\micrometer-registry-prometheus-1.1.9.jar;C:\Users\Anudeep Kumar\.m2\repository\io\prometheus\simpleclient_common\0.5.0\simpleclient_common-0.5.0.jar;C:\Users\Anudeep Kumar\.m2\repository\io\prometheus\simpleclient\0.5.0\simpleclient-0.5.0.jar;C:\Users\Anudeep Kumar\.m2\repository\com\fasterxml\jackson\core\jackson-databind\2.9.10.2\jackson-databind-2.9.10.2.jar;C:\Users\Anudeep Kumar\.m2\repository\com\fasterxml\jackson\core\jackson-annotations\2.9.10\jackson-annotations-2.9.10.jar;C:\Users\Anudeep Kumar\.m2\repository\com\fasterxml\jackson\core\jackson-core\2.9.10\jackson-core-2.9.10.jar;C:\Users\Anudeep Kumar\.m2\repository\net\glxn\qrgen\1.4\qrgen-1.4.jar;C:\Users\Anudeep Kumar\.m2\repository\com\google\zxing\core\3.2.1\core-3.2.1.jar;C:\Users\Anudeep Kumar\.m2\repository\com\google\zxing\javase\2.0\javase-2.0.jar;C:\Users\Anudeep Kumar\.m2\repository\org\springframework\boot\spring-boot-starter-mail\2.1.12.RELEASE\spring-boot-starter-mail-2.1.12.RELEASE.jar;C:\Users\Anudeep Kumar\.m2\repository\org\springframework\spring-context-support\5.1.13.RELEASE\spring-context-support-5.1.13.RELEASE.jar;C:\Users\Anudeep Kumar\.m2\repository\com\sun\mail\javax.mail\1.6.2\javax.mail-1.6.2.jar;C:\Users\Anudeep Kumar\.m2\repository\javax\activation\activation\1.1\activation-1.1.jar;"/>
    <property name="java.vm.vendor" value="Oracle Corporation"/>
    <property name="sun.arch.data.model" value="64"/>
    <property name="user.variant" value=""/>
    <property name="java.vendor.url" value="http://java.oracle.com/"/>
    <property name="user.timezone" value="Asia/Calcutta"/>
    <property name="java.vm.specification.version" value="11"/>
    <property name="os.name" value="Windows 8"/>
    <property name="sun.java.launcher" value="SUN_STANDARD"/>
    <property name="user.country" value="IN"/>
    <property name="sun.boot.library.path" value="C:\Program Files\Java\jdk-11.0.6\bin"/>
    <property name="sun.java.command" value="C:\Users\ANUDEE~1\AppData\Local\Temp\surefire7398420030355399798\surefirebooter11599081480870943009.jar C:\Users\Anudeep Kumar\AppData\Local\Temp\surefire7398420030355399798 2020-05-09T14-54-30_844-jvmRun1 surefire13863054954073485895tmp surefire_07754177309405360956tmp"/>
    <property name="jdk.debug" value="release"/>
    <property name="surefire.test.class.path" value="C:\Users\Anudeep Kumar\github_code\qrcode_generator\qrcodegenerator\target\test-classes;C:\Users\Anudeep Kumar\github_code\qrcode_generator\qrcodegenerator\target\classes;C:\Users\Anudeep Kumar\.m2\repository\junit\junit\4.12\junit-4.12.jar;C:\Users\Anudeep Kumar\.m2\repository\org\hamcrest\hamcrest-core\1.3\hamcrest-core-1.3.jar;C:\Users\Anudeep Kumar\.m2\repository\org\springframework\boot\spring-boot-devtools\2.1.12.RELEASE\spring-boot-devtools-2.1.12.RELEASE.jar;C:\Users\Anudeep Kumar\.m2\repository\org\springframework\boot\spring-boot\2.1.12.RELEASE\spring-boot-2.1.12.RELEASE.jar;C:\Users\Anudeep Kumar\.m2\repository\org\springframework\boot\spring-boot-autoconfigure\2.1.12.RELEASE\spring-boot-autoconfigure-2.1.12.RELEASE.jar;C:\Users\Anudeep Kumar\.m2\repository\org\springframework\boot\spring-boot-starter-web\2.1.12.RELEASE\spring-boot-starter-web-2.1.12.RELEASE.jar;C:\Users\Anudeep Kumar\.m2\repository\org\springframework\boot\spring-boot-starter\2.1.12.RELEASE\spring-boot-starter-2.1.12.RELEASE.jar;C:\Users\Anudeep Kumar\.m2\repository\org\springframework\boot\spring-boot-starter-logging\2.1.12.RELEASE\spring-boot-starter-logging-2.1.12.RELEASE.jar;C:\Users\Anudeep Kumar\.m2\repository\ch\qos\logback\logback-classic\1.2.3\logback-classic-1.2.3.jar;C:\Users\Anudeep Kumar\.m2\repository\ch\qos\logback\logback-core\1.2.3\logback-core-1.2.3.jar;C:\Users\Anudeep Kumar\.m2\repository\org\slf4j\slf4j-api\1.7.30\slf4j-api-1.7.30.jar;C:\Users\Anudeep Kumar\.m2\repository\org\apache\logging\log4j\log4j-to-slf4j\2.11.2\log4j-to-slf4j-2.11.2.jar;C:\Users\Anudeep Kumar\.m2\repository\org\apache\logging\log4j\log4j-api\2.11.2\log4j-api-2.11.2.jar;C:\Users\Anudeep Kumar\.m2\repository\org\slf4j\jul-to-slf4j\1.7.30\jul-to-slf4j-1.7.30.jar;C:\Users\Anudeep Kumar\.m2\repository\javax\annotation\javax.annotation-api\1.3.2\javax.annotation-api-1.3.2.jar;C:\Users\Anudeep Kumar\.m2\repository\org\yaml\snakeyaml\1.23\snakeyaml-1.23.jar;C:\Users\Anudeep Kumar\.m2\repository\org\springframework\boot\spring-boot-starter-json\2.1.12.RELEASE\spring-boot-starter-json-2.1.12.RELEASE.jar;C:\Users\Anudeep Kumar\.m2\repository\com\fasterxml\jackson\datatype\jackson-datatype-jdk8\2.9.10\jackson-datatype-jdk8-2.9.10.jar;C:\Users\Anudeep Kumar\.m2\repository\com\fasterxml\jackson\datatype\jackson-datatype-jsr310\2.9.10\jackson-datatype-jsr310-2.9.10.jar;C:\Users\Anudeep Kumar\.m2\repository\com\fasterxml\jackson\module\jackson-module-parameter-names\2.9.10\jackson-module-parameter-names-2.9.10.jar;C:\Users\Anudeep Kumar\.m2\repository\org\springframework\boot\spring-boot-starter-tomcat\2.1.12.RELEASE\spring-boot-starter-tomcat-2.1.12.RELEASE.jar;C:\Users\Anudeep Kumar\.m2\repository\org\apache\tomcat\embed\tomcat-embed-core\9.0.30\tomcat-embed-core-9.0.30.jar;C:\Users\Anudeep Kumar\.m2\repository\org\apache\tomcat\embed\tomcat-embed-el\9.0.30\tomcat-embed-el-9.0.30.jar;C:\Users\Anudeep Kumar\.m2\repository\org\apache\tomcat\embed\tomcat-embed-websocket\9.0.30\tomcat-embed-websocket-9.0.30.jar;C:\Users\Anudeep Kumar\.m2\repository\org\hibernate\validator\hibernate-validator\6.0.18.Final\hibernate-validator-6.0.18.Final.jar;C:\Users\Anudeep Kumar\.m2\repository\javax\validation\validation-api\2.0.1.Final\validation-api-2.0.1.Final.jar;C:\Users\Anudeep Kumar\.m2\repository\org\jboss\logging\jboss-logging\3.3.3.Final\jboss-logging-3.3.3.Final.jar;C:\Users\Anudeep Kumar\.m2\repository\com\fasterxml\classmate\1.4.0\classmate-1.4.0.jar;C:\Users\Anudeep Kumar\.m2\repository\org\springframework\spring-web\5.1.13.RELEASE\spring-web-5.1.13.RELEASE.jar;C:\Users\Anudeep Kumar\.m2\repository\org\springframework\spring-webmvc\5.1.13.RELEASE\spring-webmvc-5.1.13.RELEASE.jar;C:\Users\Anudeep Kumar\.m2\repository\org\springframework\security\spring-security-core\5.1.7.RELEASE\spring-security-core-5.1.7.RELEASE.jar;C:\Users\Anudeep Kumar\.m2\repository\org\springframework\spring-aop\5.1.13.RELEASE\spring-aop-5.1.13.RELEASE.jar;C:\Users\Anudeep Kumar\.m2\repository\org\springframework\spring-beans\5.1.13.RELEASE\spring-beans-5.1.13.RELEASE.jar;C:\Users\Anudeep Kumar\.m2\repository\org\springframework\spring-context\5.1.13.RELEASE\spring-context-5.1.13.RELEASE.jar;C:\Users\Anudeep Kumar\.m2\repository\org\springframework\spring-core\5.1.13.RELEASE\spring-core-5.1.13.RELEASE.jar;C:\Users\Anudeep Kumar\.m2\repository\org\springframework\spring-jcl\5.1.13.RELEASE\spring-jcl-5.1.13.RELEASE.jar;C:\Users\Anudeep Kumar\.m2\repository\org\springframework\spring-expression\5.1.13.RELEASE\spring-expression-5.1.13.RELEASE.jar;C:\Users\Anudeep Kumar\.m2\repository\org\springframework\boot\spring-boot-starter-actuator\2.1.12.RELEASE\spring-boot-starter-actuator-2.1.12.RELEASE.jar;C:\Users\Anudeep Kumar\.m2\repository\org\springframework\boot\spring-boot-actuator-autoconfigure\2.1.12.RELEASE\spring-boot-actuator-autoconfigure-2.1.12.RELEASE.jar;C:\Users\Anudeep Kumar\.m2\repository\org\springframework\boot\spring-boot-actuator\2.1.12.RELEASE\spring-boot-actuator-2.1.12.RELEASE.jar;C:\Users\Anudeep Kumar\.m2\repository\io\micrometer\micrometer-core\1.1.9\micrometer-core-1.1.9.jar;C:\Users\Anudeep Kumar\.m2\repository\org\hdrhistogram\HdrHistogram\2.1.9\HdrHistogram-2.1.9.jar;C:\Users\Anudeep Kumar\.m2\repository\org\latencyutils\LatencyUtils\2.0.3\LatencyUtils-2.0.3.jar;C:\Users\Anudeep Kumar\.m2\repository\io\micrometer\micrometer-registry-prometheus\1.1.9\micrometer-registry-prometheus-1.1.9.jar;C:\Users\Anudeep Kumar\.m2\repository\io\prometheus\simpleclient_common\0.5.0\simpleclient_common-0.5.0.jar;C:\Users\Anudeep Kumar\.m2\repository\io\prometheus\simpleclient\0.5.0\simpleclient-0.5.0.jar;C:\Users\Anudeep Kumar\.m2\repository\com\fasterxml\jackson\core\jackson-databind\2.9.10.2\jackson-databind-2.9.10.2.jar;C:\Users\Anudeep Kumar\.m2\repository\com\fasterxml\jackson\core\jackson-annotations\2.9.10\jackson-annotations-2.9.10.jar;C:\Users\Anudeep Kumar\.m2\repository\com\fasterxml\jackson\core\jackson-core\2.9.10\jackson-core-2.9.10.jar;C:\Users\Anudeep Kumar\.m2\repository\net\glxn\qrgen\1.4\qrgen-1.4.jar;C:\Users\Anudeep Kumar\.m2\repository\com\google\zxing\core\3.2.1\core-3.2.1.jar;C:\Users\Anudeep Kumar\.m2\repository\com\google\zxing\javase\2.0\javase-2.0.jar;C:\Users\Anudeep Kumar\.m2\repository\org\springframework\boot\spring-boot-starter-mail\2.1.12.RELEASE\spring-boot-starter-mail-2.1.12.RELEASE.jar;C:\Users\Anudeep Kumar\.m2\repository\org\springframework\spring-context-support\5.1.13.RELEASE\spring-context-support-5.1.13.RELEASE.jar;C:\Users\Anudeep Kumar\.m2\repository\com\sun\mail\javax.mail\1.6.2\javax.mail-1.6.2.jar;C:\Users\Anudeep Kumar\.m2\repository\javax\activation\activation\1.1\activation-1.1.jar;"/>
    <property name="sun.cpu.endian" value="little"/>
    <property name="user.home" value="C:\Users\Anudeep Kumar"/>
    <property name="user.language" value="en"/>
    <property name="java.specification.vendor" value="Oracle Corporation"/>
    <property name="java.version.date" value="2020-01-14"/>
    <property name="java.home" value="C:\Program Files\Java\jdk-11.0.6"/>
    <property name="file.separator" value="\"/>
    <property name="basedir" value="C:\Users\Anudeep Kumar\github_code\qrcode_generator\qrcodegenerator"/>
    <property name="java.vm.compressedOopsMode" value="32-bit"/>
    <property name="line.separator" value="&#10;"/>
    <property name="java.specification.name" value="Java Platform API Specification"/>
    <property name="java.vm.specification.vendor" value="Oracle Corporation"/>
    <property name="java.awt.graphicsenv" value="sun.awt.Win32GraphicsEnvironment"/>
    <property name="surefire.real.class.path" value="C:\Users\ANUDEE~1\AppData\Local\Temp\surefire7398420030355399798\surefirebooter11599081480870943009.jar"/>
    <property name="user.script" value=""/>
    <property name="sun.management.compiler" value="HotSpot 64-Bit Tiered Compilers"/>
    <property name="java.runtime.version" value="11.0.6+8-LTS"/>
    <property name="user.name" value="Anudeep Kumar"/>
    <property name="path.separator" value=";"/>
    <property name="os.version" value="6.2"/>
    <property name="java.runtime.name" value="Java(TM) SE Runtime Environment"/>
    <property name="file.encoding" value="Cp1252"/>
    <property name="java.vm.name" value="Java HotSpot(TM) 64-Bit Server VM"/>
    <property name="java.vendor.version" value="18.9"/>
    <property name="localRepository" value="C:\Users\Anudeep Kumar\.m2\repository"/>
    <property name="java.vendor.url.bug" value="http://bugreport.java.com/bugreport/"/>
    <property name="java.io.tmpdir" value="C:\Users\ANUDEE~1\AppData\Local\Temp\"/>
    <property name="java.version" value="11.0.6"/>
    <property name="user.dir" value="C:\Users\Anudeep Kumar\github_code\qrcode_generator\qrcodegenerator"/>
    <property name="os.arch" value="amd64"/>
    <property name="java.vm.specification.name" value="Java Virtual Machine Specification"/>
    <property name="java.awt.printerjob" value="sun.awt.windows.WPrinterJob"/>
    <property name="sun.os.patch.level" value=""/>
    <property name="java.library.path" value="C:\Program Files\Java\jdk-11.0.6\bin;C:\Windows\Sun\Java\bin;C:\Windows\system32;C:\Windows;C:\Program Files (x86)\Common Files\Oracle\Java\javapath;C:\Program Files (x86)\Intel\iCLS Client\;C:\Program Files\Intel\iCLS Client\;C:\Windows\system32;C:\Windows;C:\Windows\System32\Wbem;C:\Windows\System32\WindowsPowerShell\v1.0\;C:\Program Files (x86)\Windows Live\Shared;C:\Program Files (x86)\Intel\OpenCL SDK\2.0\bin\x86;C:\Program Files (x86)\Intel\OpenCL SDK\2.0\bin\x64;C:\Program Files\Intel\Intel(R) Management Engine Components\DAL;C:\Program Files\Intel\Intel(R) Management Engine Components\IPT;C:\Program Files (x86)\Intel\Intel(R) Management Engine Components\DAL;C:\Program Files (x86)\Intel\Intel(R) Management Engine Components\IPT;C:\Program Files\Git\cmd;C:\Users\Anudeep Kumar\Desktop\softwares\gradle-5.5.1\bin;C:\Users\Anudeep Kumar\Desktop\softwares\apache-maven-3.6.3\bin;C:\Program Files\nodejs\;C:\Program Files\Java\jdk-11.0.6\bin;C:\Go\bin;C:\Users\Anudeep Kumar\AppData\Local\Programs\Python\Python37-32\Scripts\;C:\Users\Anudeep Kumar\AppData\Local\Programs\Python\Python37-32\;C:\Users\Anudeep Kumar\AppData\Roaming\npm;C:\Program Files\JetBrains\IntelliJ IDEA 2019.3.2\bin;C:\Users\Anudeep Kumar\go\bin;."/>
    <property name="java.vendor" value="Oracle Corporation"/>
    <property name="java.vm.info" value="mixed mode"/>
    <property name="java.vm.version" value="11.0.6+8-LTS"/>
    <property name="sun.io.unicode.encoding" value="UnicodeLittle"/>
    <property name="java.class.version" value="55.0"/>
  </properties>
  <testcase name="testApp" classname="com.org.qrgenerator.AppTest" time="0.002"/>
</testsuite>